2021/10/19 10:01:08  - INFO - main(start)
2021/10/19 10:01:09 network Error : read tcp 172.16.126.20:52286->5.196.95.208:1883: read: connection reset by peer
2021/10/19 10:01:47  - INFO - main(start)
2021/10/19 10:01:48 network Error : EOF
2021/10/19 10:10:19  - INFO - main(start)
2021/10/19 10:10:32 network Error : read tcp 172.16.126.20:52294->5.196.95.208:1883: read: connection reset by peer
2021/10/19 10:13:13  - INFO - main(start)
2021/10/19 10:13:18 network Error : dial tcp 127.0.0.1:0: connect: connection refused
2021/10/19 10:16:20  - INFO - main(start)
2021/10/19 10:16:24 network Error : dial tcp 127.0.0.1:0: connect: connection refused
2021/10/19 10:19:19  - INFO - main(start)
2021/10/19 10:19:33  - INFO - main(start)
2021/10/19 10:19:40 network Error : dial tcp 127.0.0.1:0: connect: connection refused
2021/10/19 10:20:32  - INFO - main(start)
2021/10/19 10:20:39  - INFO - subscriber(connected to mqtt://ajwhmkgn:mTjbOAh9ZnAq@driver.cloudmqtt.com:18619 as sensio)
2021/10/19 10:21:06  - INFO - subscriber(connected to mqtt://ajwhmkgn:mTjbOAh9ZnAq@driver.cloudmqtt.com:18619 as sensio)
2021/10/19 10:21:06  - INFO - subscriber(connected to mqtt://ajwhmkgn:mTjbOAh9ZnAq@driver.cloudmqtt.com:18619 as sensio)
2021/10/19 10:21:06  - INFO - subscriber(connected to mqtt://ajwhmkgn:mTjbOAh9ZnAq@driver.cloudmqtt.com:18619 as sensio)
2021/10/19 10:21:07  - INFO - subscriber(connected to mqtt://ajwhmkgn:mTjbOAh9ZnAq@driver.cloudmqtt.com:18619 as sensio)
2021/10/19 10:21:07 network Error : dial tcp 3.83.156.245:18619: connect: connection refused
2021/10/19 10:21:40  - INFO - main(start)
2021/10/19 10:21:41  - INFO - subscriber(connected to mqtt://ajwhmkgn:mTjbOAh9ZnAq@driver.cloudmqtt.com:18619 as sensio)
2021/10/19 10:21:41  - INFO - subscriber(connected to mqtt://ajwhmkgn:mTjbOAh9ZnAq@driver.cloudmqtt.com:18619 as sensio)
2021/10/19 10:21:41  - INFO - subscriber(connected to mqtt://ajwhmkgn:mTjbOAh9ZnAq@driver.cloudmqtt.com:18619 as sensio)
2021/10/19 10:21:41  - INFO - subscriber(connected to mqtt://ajwhmkgn:mTjbOAh9ZnAq@driver.cloudmqtt.com:18619 as sensio)
2021/10/19 10:21:42  - INFO - subscriber(connected to mqtt://ajwhmkgn:mTjbOAh9ZnAq@driver.cloudmqtt.com:18619 as sensio)
2021/10/19 10:21:42  - INFO - subscriber(connected to mqtt://ajwhmkgn:mTjbOAh9ZnAq@driver.cloudmqtt.com:18619 as sensio)
2021/10/19 10:21:42  - INFO - subscriber(connected to mqtt://ajwhmkgn:mTjbOAh9ZnAq@driver.cloudmqtt.com:18619 as sensio)
2021/10/19 10:21:43  - INFO - subscriber(connected to mqtt://ajwhmkgn:mTjbOAh9ZnAq@driver.cloudmqtt.com:18619 as sensio)
2021/10/19 10:21:43  - INFO - subscriber(connected to mqtt://ajwhmkgn:mTjbOAh9ZnAq@driver.cloudmqtt.com:18619 as sensio)
2021/10/19 10:21:43  - INFO - subscriber(connected to mqtt://ajwhmkgn:mTjbOAh9ZnAq@driver.cloudmqtt.com:18619 as sensio)
2021/10/19 10:21:43  - INFO - subscriber(connected to mqtt://ajwhmkgn:mTjbOAh9ZnAq@driver.cloudmqtt.com:18619 as sensio)
2021/10/19 10:21:44  - INFO - subscriber(connected to mqtt://ajwhmkgn:mTjbOAh9ZnAq@driver.cloudmqtt.com:18619 as sensio)
2021/10/19 10:21:44  - INFO - subscriber(connected to mqtt://ajwhmkgn:mTjbOAh9ZnAq@driver.cloudmqtt.com:18619 as sensio)
2021/10/19 10:21:44 network Error : dial tcp 3.83.156.245:18619: connect: connection refused
2021/10/19 10:21:53  - INFO - main(start)
2021/10/19 10:21:53  - INFO - subscriber(connected to mqtt://ajwhmkgn:mTjbOAh9ZnAq@driver.cloudmqtt.com:18619 as sensio)
2021/10/19 10:21:53  - INFO - subscriber(connected to mqtt://ajwhmkgn:mTjbOAh9ZnAq@driver.cloudmqtt.com:18619 as sensio)
2021/10/19 10:21:53  - INFO - subscriber(connected to mqtt://ajwhmkgn:mTjbOAh9ZnAq@driver.cloudmqtt.com:18619 as sensio)
2021/10/19 10:21:54  - INFO - subscriber(connected to mqtt://ajwhmkgn:mTjbOAh9ZnAq@driver.cloudmqtt.com:18619 as sensio)
2021/10/19 10:21:54  - INFO - subscriber(connected to mqtt://ajwhmkgn:mTjbOAh9ZnAq@driver.cloudmqtt.com:18619 as sensio)
2021/10/19 10:21:54  - INFO - subscriber(connected to mqtt://ajwhmkgn:mTjbOAh9ZnAq@driver.cloudmqtt.com:18619 as sensio)
2021/10/19 10:21:55  - INFO - subscriber(connected to mqtt://ajwhmkgn:mTjbOAh9ZnAq@driver.cloudmqtt.com:18619 as sensio)
2021/10/19 10:21:55  - INFO - subscriber(connected to mqtt://ajwhmkgn:mTjbOAh9ZnAq@driver.cloudmqtt.com:18619 as sensio)
2021/10/19 10:21:55  - INFO - subscriber(connected to mqtt://ajwhmkgn:mTjbOAh9ZnAq@driver.cloudmqtt.com:18619 as sensio)
2021/10/19 10:21:56 network Error : dial tcp 3.83.156.245:18619: connect: connection refused
2021/10/19 10:22:00  - INFO - main(start)
2021/10/19 10:22:00  - INFO - subscriber(connected to mqtt://ajwhmkgn:mTjbOAh9ZnAq@driver.cloudmqtt.com:18619 as sensio)
2021/10/19 10:22:00  - INFO - subscriber(connected to mqtt://ajwhmkgn:mTjbOAh9ZnAq@driver.cloudmqtt.com:18619 as sensio)
2021/10/19 10:22:00  - INFO - subscriber(connected to mqtt://ajwhmkgn:mTjbOAh9ZnAq@driver.cloudmqtt.com:18619 as sensio)
2021/10/19 10:22:00  - INFO - subscriber(connected to mqtt://ajwhmkgn:mTjbOAh9ZnAq@driver.cloudmqtt.com:18619 as sensio)
2021/10/19 10:22:01  - INFO - subscriber(connected to mqtt://ajwhmkgn:mTjbOAh9ZnAq@driver.cloudmqtt.com:18619 as sensio)
2021/10/19 10:22:01  - INFO - subscriber(connected to mqtt://ajwhmkgn:mTjbOAh9ZnAq@driver.cloudmqtt.com:18619 as sensio)
2021/10/19 10:22:01  - INFO - subscriber(connected to mqtt://ajwhmkgn:mTjbOAh9ZnAq@driver.cloudmqtt.com:18619 as sensio)
2021/10/19 10:22:01  - INFO - subscriber(connected to mqtt://ajwhmkgn:mTjbOAh9ZnAq@driver.cloudmqtt.com:18619 as sensio)
2021/10/19 10:22:01 network Error : dial tcp 3.83.156.245:18619: connect: connection refused
2021/10/19 10:23:07  - INFO - main(start)
2021/10/19 10:23:08  - INFO - subscriber(connected to mqtt://ajwhmkgn:mTjbOAh9ZnAq@driver.cloudmqtt.com:18619 as sensio)
2021/10/19 10:24:22  - INFO - main(start)
2021/10/19 10:24:23  - INFO - subscriber(connected to mqtt://ajwhmkgn:mTjbOAh9ZnAq@driver.cloudmqtt.com:18619 as sensio)
2021/10/19 10:25:07  - INFO - main(start)
2021/10/19 10:25:08  - INFO - subscriber(connected to mqtt://ajwhmkgn:mTjbOAh9ZnAq@driver.cloudmqtt.com:18619 as sensio)
2021/10/19 10:25:54  - INFO - main(start)
2021/10/19 10:25:54  - INFO - subscriber(connected to mqtt://ajwhmkgn:mTjbOAh9ZnAq@driver.cloudmqtt.com:18619 as sensio)
2021/10/19 10:29:46  - INFO - main(start)
2021/10/19 10:29:47  - INFO - subscriber(connected to mqtt://ajwhmkgn:mTjbOAh9ZnAq@driver.cloudmqtt.com:18619 as sensio)
2021/10/19 10:30:16  - INFO - main(start)
2021/10/19 10:30:16  - INFO - subscriber(connected to mqtt://ajwhmkgn:mTjbOAh9ZnAq@driver.cloudmqtt.com:18619 as sensio)
2021/10/19 10:32:47  - INFO - main(start)
2021/10/19 10:32:48  - INFO - subscriber(connected to mqtt://ajwhmkgn:mTjbOAh9ZnAq@driver.cloudmqtt.com:18619 as sensio)
2021/10/19 10:34:05  - INFO - main(start)
2021/10/19 10:34:05  - INFO - subscriber(connected to mqtt://ajwhmkgn:mTjbOAh9ZnAq@driver.cloudmqtt.com:18619 as sensio)
2021/10/19 10:35:16  - INFO - main(start)
2021/10/19 10:35:16  - INFO - subscriber(connected to mqtt://ajwhmkgn:mTjbOAh9ZnAq@driver.cloudmqtt.com:18619 as sensio)
2021/10/19 10:36:56  - INFO - main(start)
2021/10/19 10:36:57  - INFO - subscriber(connected to mqtt://ajwhmkgn:mTjbOAh9ZnAq@driver.cloudmqtt.com:18619 as sensio)
2021/10/20 16:35:59  - INFO - main(start)
2021/10/20 16:36:00  - INFO - subscriber(connected to mqtt://ajwhmkgn:mTjbOAh9ZnAq@driver.cloudmqtt.com:18619 as sensio)
2021/10/20 16:45:45  - INFO - main(start)
2021/10/20 16:45:45  - INFO - subscriber(connected to mqtt://ajwhmkgn:mTjbOAh9ZnAq@driver.cloudmqtt.com:18619 as sensio)
2021/10/20 16:51:49  - INFO - main(start)
2021/10/20 16:51:49  - INFO - subscriber(connected to localhost:1883 as sensio)
2021/10/20 16:52:41  - INFO - main(start)
2021/10/20 16:52:41  - INFO - subscriber(connected to localhost:1883 as sensio)
2021/10/20 16:53:01  - INFO - main(start)
2021/10/20 16:53:04  - INFO - subscriber(Trying to connect localhost:1883, sensio...)
2021/10/20 16:53:07  - INFO - subscriber(Trying to connect localhost:1883, sensio...)
2021/10/20 16:53:10  - INFO - subscriber(Trying to connect localhost:1883, sensio...)
2021/10/20 16:53:13  - INFO - subscriber(Trying to connect localhost:1883, sensio...)
2021/10/20 16:53:15  - INFO - subscriber(connected to localhost:1883 as sensio)
2021/10/20 16:55:15  - INFO - main(start)
2021/10/20 16:55:18 network Error : dial tcp [::1]:1883: connectex: No connection could be made because the target machine actively refused it.
2021/10/20 16:55:32  - INFO - main(start)
2021/10/20 16:55:32  - INFO - publisher(connected to localhost:1883 as sensio)
2021/10/20 16:56:21  - INFO - main(start)
2021/10/20 16:56:21  - INFO - publisher(connected to localhost:1883 as sensio)
2021/10/20 17:00:28  - INFO - main(start)
2021/10/20 17:00:31  - INFO - publisher(Trying to connect localhost:1883, sensio...)
2021/10/20 17:00:34  - INFO - publisher(Trying to connect localhost:1883, sensio...)
2021/10/20 17:00:37  - INFO - publisher(Trying to connect localhost:1883, sensio...)
2021/10/20 17:00:39  - INFO - publisher(connected to localhost:1883 as sensio)
2021/10/20 17:02:29  - INFO - main(start)
2021/10/20 17:02:29  - INFO - publisher(connected to localhost:1883 as sensio)
2021/10/20 17:03:46  - INFO - main(start)
2021/10/20 17:03:46  - INFO - publisher(connected to localhost:1883 as sensio)
2021/10/20 17:04:57  - INFO - main(start)
2021/10/20 17:04:57  - INFO - publisher(connected to localhost:1883 as sensio)
2021/10/20 17:06:24  - INFO - main(start)
2021/10/20 17:06:24  - INFO - publisher(connected to localhost:1883 as sensio)
2021/10/20 17:07:17  - INFO - main(start)
2021/10/20 17:07:17  - INFO - publisher(connected to localhost:1883 as sensio)
2021/10/20 17:10:14  - INFO - main(start)
2021/10/20 17:10:14  - INFO - publisher(connected to localhost:1883 as sensio)
2021/10/20 17:18:41  - INFO - main(start)
2021/10/20 17:18:41  - INFO - publisher(connected to localhost:1883 as sensio)
2021/10/20 17:20:21  - INFO - main(start)
2021/10/20 17:20:21  - INFO - publisher(connected to localhost:1883 as sensio)
